2020.04.05, 09:18:23.0623 UTC -> 
+----------------------------------------+
|                                        |
|   NoMindz Inventory Management System  |
|         Listening on port 3000         |
|                                        |
+----------------------------------------+

2020.04.05, 09:20:06.0843 UTC -> 
+----------------------------------------+
|                                        |
|   NoMindz Inventory Management System  |
|         Listening on port 3000         |
|                                        |
+----------------------------------------+

2020.04.05, 09:21:58.0092 UTC -> 
+----------------------------------------+
|                                        |
|   NoMindz Inventory Management System  |
|         Listening on port 3000         |
|                                        |
+----------------------------------------+

2020.04.05, 09:22:00.0387 UTC -> 
+----------------------------------------+
|                                        |
|   NoMindz Inventory Management System  |
|         Listening on port 3000         |
|                                        |
+----------------------------------------+

2020.04.05, 09:26:54.0395 UTC -> Search for: asd
2020.04.05, 09:26:54.0546 UTC -> asd is found
2020.04.05, 09:27:28.0172 UTC -> 
+----------------------------------------+
|                                        |
|   NoMindz Inventory Management System  |
|         Listening on port 3000         |
|                                        |
+----------------------------------------+

2020.04.05, 09:27:41.0864 UTC -> 
+----------------------------------------+
|                                        |
|   NoMindz Inventory Management System  |
|         Listening on port 3000         |
|                                        |
+----------------------------------------+

2020.04.05, 09:28:59.0263 UTC -> 
+----------------------------------------+
|                                        |
|   NoMindz Inventory Management System  |
|         Listening on port 3000         |
|                                        |
+----------------------------------------+

2020.04.05, 09:29:01.0906 UTC -> 
+----------------------------------------+
|                                        |
|   NoMindz Inventory Management System  |
|         Listening on port 3000         |
|                                        |
+----------------------------------------+

2020.04.05, 09:29:04.0811 UTC -> 
+----------------------------------------+
|                                        |
|   NoMindz Inventory Management System  |
|         Listening on port 3000         |
|                                        |
+----------------------------------------+

2020.04.05, 09:29:15.0801 UTC -> 
+----------------------------------------+
|                                        |
|   NoMindz Inventory Management System  |
|         Listening on port 3000         |
|                                        |
+----------------------------------------+

2020.04.05, 09:29:20.0291 UTC -> 
+----------------------------------------+
|                                        |
|   NoMindz Inventory Management System  |
|         Listening on port 3000         |
|                                        |
+----------------------------------------+

2020.04.05, 09:29:24.0173 UTC -> 
+----------------------------------------+
|                                        |
|   NoMindz Inventory Management System  |
|         Listening on port 3000         |
|                                        |
+----------------------------------------+

2020.04.05, 09:29:32.0999 UTC -> 
+----------------------------------------+
|                                        |
|   NoMindz Inventory Management System  |
|         Listening on port 3000         |
|                                        |
+----------------------------------------+

2020.04.05, 09:29:35.0764 UTC -> 
+----------------------------------------+
|                                        |
|   NoMindz Inventory Management System  |
|         Listening on port 3000         |
|                                        |
+----------------------------------------+

2020.04.05, 09:29:38.0695 UTC -> Search for: asd
2020.04.05, 09:29:38.0852 UTC -> asd is found
2020.04.05, 09:29:52.0301 UTC -> Search for: ID 00000001
2020.04.05, 09:29:52.0438 UTC -> ID 00000001 is NOT found
2020.04.05, 09:30:13.0817 UTC -> Search for: ID 0000001
2020.04.05, 09:30:13.0958 UTC -> ID 0000001 is found
2020.04.05, 09:33:35.0568 UTC -> 
+----------------------------------------+
|                                        |
|   NoMindz Inventory Management System  |
|         Listening on port 3000         |
|                                        |
+----------------------------------------+

2020.04.05, 09:41:11.0665 UTC -> 
+----------------------------------------+
|                                        |
|   NoMindz Inventory Management System  |
|         Listening on port 3000         |
|                                        |
+----------------------------------------+

2020.04.05, 09:41:29.0098 UTC -> Search for: ID 0000001
2020.04.05, 09:41:29.0255 UTC -> ID 0000001 is found
2020.04.05, 09:41:36.0461 UTC -> Search for: asd
2020.04.05, 09:41:36.0603 UTC -> asd is found
2020.04.05, 09:44:05.0860 UTC -> 
+----------------------------------------+
|                                        |
|   NoMindz Inventory Management System  |
|         Listening on port 3000         |
|                                        |
+----------------------------------------+

2020.04.05, 09:44:11.0792 UTC -> 
+----------------------------------------+
|                                        |
|   NoMindz Inventory Management System  |
|         Listening on port 3000         |
|                                        |
+----------------------------------------+

2020.04.05, 09:44:22.0409 UTC -> 
+----------------------------------------+
|                                        |
|   NoMindz Inventory Management System  |
|         Listening on port 3000         |
|                                        |
+----------------------------------------+

2020.04.05, 09:45:14.0049 UTC -> 
+----------------------------------------+
|                                        |
|   NoMindz Inventory Management System  |
|         Listening on port 3000         |
|                                        |
+----------------------------------------+

2020.04.05, 09:45:59.0079 UTC -> 
+----------------------------------------+
|                                        |
|   NoMindz Inventory Management System  |
|         Listening on port 3000         |
|                                        |
+----------------------------------------+

2020.04.05, 09:46:10.0264 UTC -> 
+----------------------------------------+
|                                        |
|   NoMindz Inventory Management System  |
|         Listening on port 3000         |
|                                        |
+----------------------------------------+

2020.04.05, 09:46:16.0297 UTC -> 
+----------------------------------------+
|                                        |
|   NoMindz Inventory Management System  |
|         Listening on port 3000         |
|                                        |
+----------------------------------------+

2020.04.05, 09:49:04.0387 UTC -> 
+----------------------------------------+
|                                        |
|   NoMindz Inventory Management System  |
|         Listening on port 3001         |
|                                        |
+----------------------------------------+

2020.04.05, 09:49:04.0388 UTC -> 
+----------------------------------------+
|                                        |
|   NoMindz Inventory Management System  |
|         Listening on port 3001         |
|                                        |
+----------------------------------------+

2020.04.05, 09:49:04.0393 UTC -> 
+----------------------------------------+
|                                        |
|   NoMindz Inventory Management System  |
|         Listening on port 3000         |
|                                        |
+----------------------------------------+

2020.04.05, 09:49:04.0394 UTC -> 
+----------------------------------------+
|                                        |
|   NoMindz Inventory Management System  |
|         Listening on port 3000         |
|                                        |
+----------------------------------------+

