2020.04.07, 09:43:31.0470 UTC -> 
+----------------------------------------+
|                                        |
|   NoMindz Inventory Management System  |
|         Listening on port 3001         |
|                                        |
+----------------------------------------+

2020.04.07, 09:43:31.0503 UTC -> 
+----------------------------------------+
|                                        |
|   NoMindz Inventory Management System  |
|         Listening on port 3000         |
|                                        |
+----------------------------------------+

2020.04.07, 09:49:01.0058 UTC -> 
+----------------------------------------+
|                                        |
|   NoMindz Inventory Management System  |
|         Listening on port 3000         |
|                                        |
+----------------------------------------+

